[master (root-commit) 195006e] otal of otalmax
 Committer: CS24000 Account <cs240@data.cs.purdue.edu>
Your name and email address were configured automatically based
on your username and hostname. Please check that they are accurate.
You can suppress this message by setting them explicitly:

    git config --global user.name "Your Name"
    git config --global user.email you@example.com

After doing this, you may fix the identity used for this commit with:

    git commit --amend --reset-author

 11 files changed, 811 insertions(+)
 create mode 100644 .local.git.out
 create mode 100644 HashTableVoid.cc
 create mode 100644 HashTableVoid.h
 create mode 100755 HashTableVoidTest
 create mode 100644 HashTableVoidTest.cc
 create mode 100755 IRCServer
 create mode 100644 IRCServer.cc
 create mode 100644 IRCServer.h
 create mode 100755 Makefile
 create mode 100755 talk-server
 create mode 100755 testall
[master 31a87fe] 0 of 12
 Committer: CS24000 Account <cs240@data.cs.purdue.edu>
Your name and email address were configured automatically based
on your username and hostname. Please check that they are accurate.
You can suppress this message by setting them explicitly:

    git config --global user.name "Your Name"
    git config --global user.email you@example.com

After doing this, you may fix the identity used for this commit with:

    git commit --amend --reset-author

 5 files changed, 35 insertions(+)
 create mode 100644 .local.total.out
 create mode 100644 diff.out
 create mode 100644 total.out
 create mode 100644 total.txt
[master 3f7cda3] otal of otalmax
 Committer: CS24000 Account <cs240@data.cs.purdue.edu>
Your name and email address were configured automatically based
on your username and hostname. Please check that they are accurate.
You can suppress this message by setting them explicitly:

    git config --global user.name "Your Name"
    git config --global user.email you@example.com

After doing this, you may fix the identity used for this commit with:

    git commit --amend --reset-author

 3 files changed, 18 insertions(+), 2 deletions(-)
 rename diff.out => none (100%)
 delete mode 100644 total.out
[master d546088] 12 of 12
 Committer: CS24000 Account <cs240@data.cs.purdue.edu>
Your name and email address were configured automatically based
on your username and hostname. Please check that they are accurate.
You can suppress this message by setting them explicitly:

    git config --global user.name "Your Name"
    git config --global user.email you@example.com

After doing this, you may fix the identity used for this commit with:

    git commit --amend --reset-author

 7 files changed, 26 insertions(+), 6 deletions(-)
 create mode 100644 diff.out
 create mode 100644 prog.org.out
 create mode 100644 prog.out
 create mode 100644 total.out
[master 0c99a0a] otal of otalmax
 Committer: CS24000 Account <cs240@data.cs.purdue.edu>
Your name and email address were configured automatically based
on your username and hostname. Please check that they are accurate.
You can suppress this message by setting them explicitly:

    git config --global user.name "Your Name"
    git config --global user.email you@example.com

After doing this, you may fix the identity used for this commit with:

    git commit --amend --reset-author

 6 files changed, 18 insertions(+), 2 deletions(-)
 create mode 100755 HashTableVoidTest.org
 delete mode 100644 diff.out
 delete mode 100644 prog.org.out
 delete mode 100644 prog.out
 delete mode 100644 total.out
[master e4c08cd] 0 of 12
 Committer: CS24000 Account <cs240@data.cs.purdue.edu>
Your name and email address were configured automatically based
on your username and hostname. Please check that they are accurate.
You can suppress this message by setting them explicitly:

    git config --global user.name "Your Name"
    git config --global user.email you@example.com

After doing this, you may fix the identity used for this commit with:

    git commit --amend --reset-author

 7 files changed, 32 insertions(+), 6 deletions(-)
 create mode 100644 diff.out
 create mode 100644 prog.org.out
 create mode 100644 prog.out
 create mode 100644 total.out
[master e7d364c] otal of otalmax
 Committer: CS24000 Account <cs240@data.cs.purdue.edu>
Your name and email address were configured automatically based
on your username and hostname. Please check that they are accurate.
You can suppress this message by setting them explicitly:

    git config --global user.name "Your Name"
    git config --global user.email you@example.com

After doing this, you may fix the identity used for this commit with:

    git commit --amend --reset-author

 5 files changed, 18 insertions(+), 5 deletions(-)
 delete mode 100644 diff.out
 delete mode 100644 prog.org.out
 delete mode 100644 prog.out
 delete mode 100644 total.out
[master a203c20] 0 of 12
 Committer: CS24000 Account <cs240@data.cs.purdue.edu>
Your name and email address were configured automatically based
on your username and hostname. Please check that they are accurate.
You can suppress this message by setting them explicitly:

    git config --global user.name "Your Name"
    git config --global user.email you@example.com

After doing this, you may fix the identity used for this commit with:

    git commit --amend --reset-author

 6 files changed, 25 insertions(+)
 create mode 100644 diff.out
 create mode 100644 prog.org.out
 create mode 100644 prog.out
 create mode 100644 total.out
[master ce9b998] otal of otalmax
 Committer: CS24000 Account <cs240@data.cs.purdue.edu>
Your name and email address were configured automatically based
on your username and hostname. Please check that they are accurate.
You can suppress this message by setting them explicitly:

    git config --global user.name "Your Name"
    git config --global user.email you@example.com

After doing this, you may fix the identity used for this commit with:

    git commit --amend --reset-author

 5 files changed, 18 insertions(+), 5 deletions(-)
 delete mode 100644 diff.out
 delete mode 100644 prog.org.out
 delete mode 100644 prog.out
 delete mode 100644 total.out
[master 504054b] 0 of 12
 Committer: CS24000 Account <cs240@data.cs.purdue.edu>
Your name and email address were configured automatically based
on your username and hostname. Please check that they are accurate.
You can suppress this message by setting them explicitly:

    git config --global user.name "Your Name"
    git config --global user.email you@example.com

After doing this, you may fix the identity used for this commit with:

    git commit --amend --reset-author

 6 files changed, 25 insertions(+)
 create mode 100644 diff.out
 create mode 100644 prog.org.out
 create mode 100644 prog.out
 create mode 100644 total.out
[master 1c01aaf] Make IRCServer
 9 files changed, 26 insertions(+), 7 deletions(-)
 delete mode 100644 diff.out
 delete mode 100644 prog.org.out
 delete mode 100644 prog.out
 delete mode 100644 total.out
[master 42b1d56] Make IRCServer
 1 file changed, 6 insertions(+)
[master d1c49d6] 0 of 12
 6 files changed, 9 insertions(+)
 create mode 100644 diff.out
 create mode 100644 prog.org.out
 create mode 100644 prog.out
 create mode 100644 total.out
[master ebfc5a6] Make IRCServer
 8 files changed, 61 insertions(+), 9 deletions(-)
 create mode 100755 .nfs0000000003a25f9400000039
 rewrite HashTableVoidTest (81%)
 delete mode 100644 diff.out
 delete mode 100644 prog.org.out
 delete mode 100644 prog.out
 delete mode 100644 total.out
[master 6b80302] 8 of 12
 7 files changed, 18 insertions(+), 4 deletions(-)
 create mode 100644 diff.out
 create mode 100644 prog.org.out
 create mode 100644 prog.out
 create mode 100644 total.out
[master 20e3b0e] Make IRCServer
 8 files changed, 24 insertions(+), 5 deletions(-)
 delete mode 100755 .nfs0000000003a25f9400000039
 delete mode 100644 diff.out
 delete mode 100644 prog.org.out
 delete mode 100644 prog.out
 delete mode 100644 total.out
[master 7ecdb5e] 12 of 12
 7 files changed, 15 insertions(+), 2 deletions(-)
 create mode 100644 diff.out
 create mode 100644 prog.org.out
 create mode 100644 prog.out
 create mode 100644 total.out
[master d3e9a0d] Make IRCServer
 14 files changed, 1539 insertions(+), 28 deletions(-)
 rewrite IRCServer (89%)
 create mode 100644 IRCServer.cc.save
 create mode 100644 LinkedList.c
 create mode 100644 LinkedList.h
 create mode 100644 UserList.c
 create mode 100644 UserList.h
 delete mode 100644 diff.out
 delete mode 100644 prog.org.out
 delete mode 100644 prog.out
 delete mode 100644 total.out
[master d439493] Make IRCServer
 3 files changed, 16 insertions(+), 4 deletions(-)
[master b15722d] Make IRCServer
 3 files changed, 10 insertions(+), 8 deletions(-)
[master 98231e5] Make IRCServer
 3 files changed, 9 insertions(+), 7 deletions(-)
[master 9595669] Make IRCServer
 4 files changed, 5 insertions(+), 3 deletions(-)
[master d75921d] Make IRCServer
 3 files changed, 4 insertions(+), 2 deletions(-)
[master 88f98af] Make IRCServer
 3 files changed, 8 insertions(+), 6 deletions(-)
[master 9f45492] Make IRCServer
 3 files changed, 3 insertions(+), 1 deletion(-)
[master d7a8d17] Make IRCServer
 3 files changed, 6 insertions(+), 4 deletions(-)
[master c48617e] Make IRCServer
 3 files changed, 6 insertions(+), 4 deletions(-)
[master 7f84b11] Make IRCServer
 3 files changed, 4 insertions(+), 2 deletions(-)
[master d1e8311] Make IRCServer
 3 files changed, 4 insertions(+), 3 deletions(-)
[master 102a4bb] Make IRCServer
 3 files changed, 4 insertions(+), 2 deletions(-)
[master 1853b73] Make IRCServer
 3 files changed, 6 insertions(+), 2 deletions(-)
[master aaf5885] Make IRCServer
 3 files changed, 6 insertions(+), 4 deletions(-)
[master 8d2ca23] Make IRCServer
 3 files changed, 11 insertions(+), 9 deletions(-)
[master 4f43aad] Make IRCServer
 5 files changed, 9 insertions(+), 5 deletions(-)
[master 8036cce] Make IRCServer
 3 files changed, 6 insertions(+), 4 deletions(-)
[master 0b2aa14] Make IRCServer
 5 files changed, 12 insertions(+), 7 deletions(-)
[master 2410de9] Make IRCServer
 4 files changed, 7 insertions(+), 4 deletions(-)
[master 52753ce] Make IRCServer
 3 files changed, 7 insertions(+), 5 deletions(-)
[master 8fe2c82] Make IRCServer
 3 files changed, 6 insertions(+), 4 deletions(-)
[master cf445ae] Make IRCServer
 4 files changed, 3 insertions(+), 2 deletions(-)
[master 6f5dfdd] Make IRCServer
 4 files changed, 26 insertions(+), 3 deletions(-)
[master 867b970] Make IRCServer
 3 files changed, 4 insertions(+), 2 deletions(-)
[master b30fedc] Make IRCServer
 5 files changed, 6 insertions(+), 3 deletions(-)
 create mode 100644 pwd.txt
[master 8a239f6] Make IRCServer
 2 files changed, 4 insertions(+), 1 deletion(-)
[master 4189508] Make IRCServer
 4 files changed, 8 insertions(+), 4 deletions(-)
[master be8bc91] Make IRCServer
 2 files changed, 3 insertions(+), 1 deletion(-)
[master 7c9e01a] Make IRCServer
 4 files changed, 4 insertions(+), 2 deletions(-)
[master 90084f1] Make IRCServer
 4 files changed, 273 insertions(+), 78 deletions(-)
[master fd9aaea] Make IRCServer
 5 files changed, 7 insertions(+), 3 deletions(-)
[master f94e8f5] Make IRCServer
 3 files changed, 4 insertions(+), 1 deletion(-)
[master 35e5a34] Make IRCServer
 4 files changed, 4 insertions(+), 1 deletion(-)
[master 874a142] Make IRCServer
 3 files changed, 3 insertions(+), 1 deletion(-)
[master b147d1f] Make IRCServer
 4 files changed, 5 insertions(+), 3 deletions(-)
[master a59c1e1] Make IRCServer
 3 files changed, 3 insertions(+), 1 deletion(-)
[master 8c0b10d] Make IRCServer
 4 files changed, 6 insertions(+), 3 deletions(-)
 rewrite IRCServer (69%)
[master fc63997] Make IRCServer
 4 files changed, 8 insertions(+), 3 deletions(-)
 rewrite IRCServer (69%)
[master d65a847] Make IRCServer
 4 files changed, 6 insertions(+), 3 deletions(-)
[master fe3b93d] Make IRCServer
 4 files changed, 5 insertions(+), 3 deletions(-)
[master 272385d] Make IRCServer
 4 files changed, 11 insertions(+), 9 deletions(-)
 rewrite IRCServer (64%)
[master 4d8239c] Make IRCServer
 5 files changed, 18 insertions(+), 12 deletions(-)
[master 8e88474] Make IRCServer
 4 files changed, 23 insertions(+), 2 deletions(-)
[master f13ef4a] Make IRCServer
 16 files changed, 671 insertions(+), 18 deletions(-)
 create mode 100755 IRCServer.org
 create mode 100755 TestIRCServer
 create mode 100755 test-server1.sh
 create mode 100755 test-server10.sh
 create mode 100755 test-server2.sh
 create mode 100755 test-server3.sh
 create mode 100755 test-server4.sh
 create mode 100755 test-server5.sh
 create mode 100755 test-server6.sh
 create mode 100755 test-server7.sh
 create mode 100755 test-server8.sh
 create mode 100755 test-server9.sh
[master 8cdc279] Make IRCServer
 1 file changed, 14 insertions(+)
[master 08aa587] 12 of 62
 10 files changed, 309 insertions(+)
 create mode 100644 diff.out
 create mode 100644 password.txt
 create mode 100644 prog.org.out
 create mode 100644 prog.out
 create mode 100644 talk-server.out
 create mode 100644 total.out
[master 7df57ad] Make IRCServer
 3 files changed, 24 insertions(+)
[master dc4c118] Make IRCServer
 3 files changed, 30 insertions(+), 1 deletion(-)
[master a4d2947] Make IRCServer
 7 files changed, 3 insertions(+), 293 deletions(-)
 delete mode 100644 diff.out
 delete mode 100644 prog.org.out
 delete mode 100644 prog.out
 delete mode 100644 talk-server.out
 delete mode 100644 total.out
[master e3e4dea] 12 of 62
 9 files changed, 273 insertions(+), 16 deletions(-)
 create mode 100644 diff.out
 create mode 100644 prog.org.out
 create mode 100644 prog.out
 create mode 100644 talk-server.out
 create mode 100644 total.out
 rewrite total.txt (63%)
[master ad99374] Make IRCServer
 4 files changed, 19 insertions(+), 4 deletions(-)
 rewrite IRCServer (64%)
[master f254d71] Make IRCServer
 6 files changed, 3 insertions(+), 238 deletions(-)
 delete mode 100644 diff.out
 delete mode 100644 prog.org.out
 delete mode 100644 prog.out
 delete mode 100644 talk-server.out
 delete mode 100644 total.out
[master c80d9bc] 12 of 62
 8 files changed, 263 insertions(+), 16 deletions(-)
 create mode 100644 diff.out
 create mode 100644 prog.org.out
 create mode 100644 prog.out
 create mode 100644 talk-server.out
 create mode 100644 total.out
 rewrite total.txt (63%)
[master c2436a1] Make IRCServer
 5 files changed, 10 insertions(+), 12 deletions(-)
[master 15b7be9] Make IRCServer
 6 files changed, 2 insertions(+), 238 deletions(-)
 delete mode 100644 diff.out
 delete mode 100644 prog.org.out
 delete mode 100644 prog.out
 delete mode 100644 talk-server.out
 delete mode 100644 total.out
[master e2d0321] Make IRCServer
 10 files changed, 365 insertions(+), 19 deletions(-)
 create mode 100644 diff.out
 create mode 100644 prog.out
 create mode 100644 talk-server.out
 rewrite total.txt (63%)
[master ffd7bdf] Make IRCServer
 4 files changed, 6 insertions(+), 334 deletions(-)
 delete mode 100644 diff.out
 delete mode 100644 prog.out
 delete mode 100644 talk-server.out
[master 3387c90] Make IRCServer
 2 files changed, 5 insertions(+), 6 deletions(-)
[master 02ace76] Make IRCServer
 3 files changed, 4 insertions(+), 7 deletions(-)
[master 3af2e6d] Make IRCServer
 7 files changed, 15 insertions(+), 2 deletions(-)
 create mode 100644 diff.out
 create mode 100644 prog.out
 create mode 100644 talk-server.out
[master 001edb4] Make IRCServer
 5 files changed, 6 insertions(+), 11 deletions(-)
 delete mode 100644 diff.out
 delete mode 100644 prog.out
 delete mode 100644 talk-server.out
[master dad9c5f] Make IRCServer
 10 files changed, 28 insertions(+), 8 deletions(-)
 create mode 100644 diff.out
 create mode 100644 prog.out
 create mode 100644 talk-server.out
[master 67395bc] Make IRCServer
 4 files changed, 5 insertions(+), 7 deletions(-)
 delete mode 100644 diff.out
 delete mode 100644 prog.out
 delete mode 100644 talk-server.out
[master f04990d] Make IRCServer
 3 files changed, 7 insertions(+), 5 deletions(-)
[master 0ae8c99] Make IRCServer
 9 files changed, 13 insertions(+), 3 deletions(-)
 create mode 100644 diff.out
 create mode 100644 prog.out
 create mode 100644 talk-server.out
[master 0be57e8] Make IRCServer
 4 files changed, 5 insertions(+), 3 deletions(-)
 delete mode 100644 diff.out
 delete mode 100644 prog.out
 delete mode 100644 talk-server.out
[master 4cad92f] Make IRCServer
 4 files changed, 7 insertions(+), 17 deletions(-)
 delete mode 100644 password.txt
[master e914f30] Make IRCServer
 11 files changed, 95 insertions(+), 5 deletions(-)
 create mode 100644 diff.out
 create mode 100644 password.txt
 create mode 100644 prog.org.out
 create mode 100644 prog.out
 create mode 100644 talk-server.out
[master 7945d1f] Make IRCServer
 5 files changed, 7 insertions(+), 83 deletions(-)
 delete mode 100644 diff.out
 delete mode 100644 prog.org.out
 delete mode 100644 prog.out
 delete mode 100644 talk-server.out
[master 26b493b] Make IRCServer
 7 files changed, 24 insertions(+), 3 deletions(-)
 create mode 100644 diff.out
 create mode 100644 prog.out
 rename password.txt => talk-server.out (100%)
[master 7d990be] Make IRCServer
 4 files changed, 5 insertions(+), 15 deletions(-)
 delete mode 100644 diff.out
 delete mode 100644 prog.out
 delete mode 100644 talk-server.out
[master a528415] Make IRCServer
 9 files changed, 50 insertions(+), 1 deletion(-)
 create mode 100644 diff.out
 create mode 100644 password.txt
 create mode 100644 prog.out
 create mode 100644 talk-server.out
[master f3cb385] Make IRCServer
 4 files changed, 6 insertions(+), 18 deletions(-)
 delete mode 100644 diff.out
 delete mode 100644 prog.out
 delete mode 100644 talk-server.out
[master ec148ac] Make IRCServer
 7 files changed, 23 insertions(+), 4 deletions(-)
 create mode 100644 diff.out
 create mode 100644 prog.out
 create mode 100644 talk-server.out
[master 75e8bc9] Make IRCServer
 4 files changed, 5 insertions(+), 13 deletions(-)
 delete mode 100644 diff.out
 delete mode 100644 prog.out
 delete mode 100644 talk-server.out
[master 6bdbc0a] Make IRCServer
 10 files changed, 39 insertions(+), 18 deletions(-)
 create mode 100644 diff.out
 delete mode 100644 password.txt
 create mode 100644 prog.out
 create mode 100644 talk-server.out
[master fcdf368] Make IRCServer
 4 files changed, 6 insertions(+), 14 deletions(-)
 delete mode 100644 diff.out
 delete mode 100644 prog.out
 delete mode 100644 talk-server.out
[master 87b7880] Make IRCServer
 9 files changed, 99 insertions(+), 6 deletions(-)
 create mode 100644 diff.out
 create mode 100644 password.txt
 create mode 100644 prog.org.out
 create mode 100644 prog.out
 create mode 100644 talk-server.out
[master ac7431a] Make IRCServer
 3 files changed, 9 insertions(+)
[master 46ac286] Make IRCServer
 4 files changed, 4 insertions(+), 2 deletions(-)
[master f5b6a74] Make IRCServer
 4 files changed, 6 insertions(+), 2 deletions(-)
[master a4979af] Make IRCServer
 5 files changed, 2 insertions(+), 76 deletions(-)
 delete mode 100644 diff.out
 delete mode 100644 prog.org.out
 delete mode 100644 prog.out
 delete mode 100644 talk-server.out
[master 77cd793] Make IRCServer
 10 files changed, 70 insertions(+), 22 deletions(-)
 create mode 100644 diff.out
 delete mode 100644 password.txt
 create mode 100644 prog.out
 create mode 100644 talk-server.out
[master e56ee3b] Make IRCServer
 4 files changed, 6 insertions(+), 49 deletions(-)
 delete mode 100644 diff.out
 delete mode 100644 prog.out
 delete mode 100644 talk-server.out
[master eec122a] Make IRCServer
 2 files changed, 8 insertions(+), 7 deletions(-)
[master 75c5f25] Make IRCServer
 10 files changed, 523 insertions(+), 4 deletions(-)
 create mode 100644 diff.out
 create mode 100644 password.txt
 create mode 100644 prog.org.out
 create mode 100644 prog.out
 create mode 100644 talk-server.out
[master 7feed4c] Make IRCServer
 5 files changed, 7 insertions(+), 501 deletions(-)
 delete mode 100644 diff.out
 delete mode 100644 prog.org.out
 delete mode 100644 prog.out
 delete mode 100644 talk-server.out
[master b9a63b0] Make IRCServer
 3 files changed, 11 insertions(+), 17 deletions(-)
 delete mode 100644 password.txt
[master 54f30ef] Make IRCServer
 7 files changed, 22 insertions(+), 2 deletions(-)
 create mode 100644 diff.out
 create mode 100644 password.txt
 create mode 100644 prog.out
 create mode 100644 talk-server.out
[master 98ae6ce] Make IRCServer
 5 files changed, 16 insertions(+), 17 deletions(-)
 delete mode 100644 diff.out
 delete mode 100644 prog.out
 delete mode 100644 talk-server.out
[master 2497fc9] Make IRCServer
 3 files changed, 5 insertions(+), 15 deletions(-)
 delete mode 100644 password.txt
[master 94a5239] Make IRCServer
 9 files changed, 178 insertions(+), 1 deletion(-)
 create mode 100644 diff.out
 create mode 100644 password.txt
 create mode 100644 prog.org.out
 create mode 100644 prog.out
 create mode 100644 talk-server.out
[master 5da093b] Make IRCServer
 5 files changed, 7 insertions(+), 111 deletions(-)
 delete mode 100644 diff.out
 delete mode 100644 prog.org.out
 delete mode 100644 prog.out
 delete mode 100644 talk-server.out
[master 5e415fe] Make IRCServer
 8 files changed, 137 insertions(+), 23 deletions(-)
 create mode 100644 diff.out
 create mode 100644 prog.org.out
 create mode 100644 prog.out
 create mode 100644 talk-server.out
[master 07819fc] Make IRCServer
 5 files changed, 6 insertions(+), 66 deletions(-)
 delete mode 100644 diff.out
 delete mode 100644 prog.org.out
 delete mode 100644 prog.out
 delete mode 100644 talk-server.out
[master bc852b1] Make IRCServer
 8 files changed, 245 insertions(+), 13 deletions(-)
 create mode 100644 diff.out
 create mode 100644 prog.out
 create mode 100644 talk-server.out
[master 08fc314] Make IRCServer
 6 files changed, 26 insertions(+), 218 deletions(-)
 rewrite talk-server.out (100%)
[master 515ebf1] Make IRCServer
 4 files changed, 5 insertions(+), 2 deletions(-)
[master bc5c15f] Make IRCServer
 4 files changed, 2 insertions(+), 16 deletions(-)
 delete mode 100644 diff.out
 delete mode 100644 prog.out
 delete mode 100644 talk-server.out
[master 6415191] Make IRCServer
 8 files changed, 71 insertions(+), 26 deletions(-)
 create mode 100644 diff.out
 delete mode 100644 password.txt
 create mode 100644 prog.out
 create mode 100644 talk-server.out
[master 2b26e7b] Make IRCServer
 4 files changed, 6 insertions(+), 49 deletions(-)
 delete mode 100644 diff.out
 delete mode 100644 prog.out
 delete mode 100644 talk-server.out
[master 2941067] Make IRCServer
 6 files changed, 64 insertions(+), 10 deletions(-)
 create mode 100644 diff.out
 create mode 100644 prog.out
 create mode 100644 talk-server.out
[master 5576c79] Make IRCServer
 4 files changed, 5 insertions(+), 49 deletions(-)
 delete mode 100644 diff.out
 delete mode 100644 prog.out
 delete mode 100644 talk-server.out
[master 8557d71] Make IRCServer
 7 files changed, 52 insertions(+), 10 deletions(-)
 create mode 100644 diff.out
 create mode 100644 password.txt
 create mode 100644 prog.out
 create mode 100644 talk-server.out
