command=ADD-USER
user=superman
password=clarkkent
args=
command=ADD-USER
user=superman
password=clarkkent
args=
command=ADD-USER
user=spiderman
password=peterpark
args=
command=ADD-USER
user=spiderman
password=peterpark
args=
command=ADD-USER
user=aquaman
password=xyz
args=
command=ADD-USER
user=aquaman
password=xyz
args=
command=ADD-USER
user=mary
password=poppins
args=
command=ADD-USER
user=mary
password=poppins
args=
command=CREATE-ROOM
user=superman
password=clarkkent
args=java-programming
command=CREATE-ROOM
user=superman
password=clarkkent
args=java-programming
command=ENTER-ROOM
user=superman
password=clarkkent
args=java-programming
command=ENTER-ROOM
user=superman
password=clarkkent
args=java-programming
user_pasword=clarkkent
command=ENTER-ROOM
user=aquaman
password=xyz
args=java-programming
command=ENTER-ROOM
user=aquaman
password=xyz
args=java-programming
user_pasword=xyz
command=GET-USERS-IN-ROOM
user=superman
password=clarkkent
args=java-programming
command=GET-USERS-IN-ROOM
user=superman
password=clarkkent
args=java-programming
user_pasword=clarkkent
command=ENTER-ROOM
user=mary
password=poppins
args=java-programming
command=ENTER-ROOM
user=mary
password=poppins
args=java-programming
user_pasword=poppins
command=GET-USERS-IN-ROOM
user=mary
password=poppins
args=java-programming
command=GET-USERS-IN-ROOM
user=mary
password=poppins
args=java-programming
user_pasword=poppins
command=SEND-MESSAGE
user=mary
password=poppins
args=java-programming Hi everybody!
command=SEND-MESSAGE
user=mary
password=poppins
args=java-programming Hi everybody!
Send message...
user_pasword=poppins
roomName=java-programming
args=" Hi everybody!"
message="Hi everybody!"
command=SEND-MESSAGE
user=mary
password=poppins
args=java-programming Welcome to the talk program!
command=SEND-MESSAGE
user=mary
password=poppins
args=java-programming Welcome to the talk program!
Send message...
user_pasword=poppins
roomName=java-programming
args=" Welcome to the talk program!"
message="Welcome to the talk program!"
command=GET-MESSAGES
user=superman
password=clarkkent
args=0 java-programming
command=GET-MESSAGES
user=superman
password=clarkkent
args=0 java-programming
user_pasword=clarkkent
roomName="java-programming"
command=SEND-MESSAGE
user=superman
password=clarkkent
args=java-programming Hi Mary!
command=SEND-MESSAGE
user=superman
password=clarkkent
args=java-programming Hi Mary!
Send message...
user_pasword=clarkkent
roomName=java-programming
args=" Hi Mary!"
message="Hi Mary!"
command=SEND-MESSAGE
user=superman
password=clarkkent
args=java-programming Here I am working on cs240
command=SEND-MESSAGE
user=superman
password=clarkkent
args=java-programming Here I am working on cs240
Send message...
user_pasword=clarkkent
roomName=java-programming
args=" Here I am working on cs240"
message="Here I am working on cs240"
command=SEND-MESSAGE
user=superman
password=clarkkent
args=java-programming I am testing the project
command=SEND-MESSAGE
user=superman
password=clarkkent
args=java-programming I am testing the project
Send message...
user_pasword=clarkkent
roomName=java-programming
args=" I am testing the project"
message="I am testing the project"
command=SEND-MESSAGE
user=superman
password=clarkkent
args=java-programming message 1
command=SEND-MESSAGE
user=superman
password=clarkkent
args=java-programming message 1
Send message...
user_pasword=clarkkent
roomName=java-programming
args=" message 1"
message="message 1"
command=SEND-MESSAGE
user=superman
password=clarkkent
args=java-programming message 2
command=SEND-MESSAGE
user=superman
password=clarkkent
args=java-programming message 2
Send message...
user_pasword=clarkkent
roomName=java-programming
args=" message 2"
message="message 2"
command=SEND-MESSAGE
user=superman
password=clarkkent
args=java-programming message 3
command=SEND-MESSAGE
user=superman
password=clarkkent
args=java-programming message 3
Send message...
user_pasword=clarkkent
roomName=java-programming
args=" message 3"
message="message 3"
command=SEND-MESSAGE
user=superman
password=clarkkent
args=java-programming message 4
comman